<?xml version="1.0" encoding="UTF-8"?>
<testsuite xmlns:xsi="http://www.w3.org/2001/XMLSchema-instance" xsi:noNamespaceSchemaLocation="https://maven.apache.org/surefire/maven-surefire-plugin/xsd/surefire-test-report.xsd" name="NguyenToTester" time="0.333" tests="17" errors="0" skipped="0" failures="0">
  <properties>
[...]
</properties>
  <testcase name="testException" classname="NguyenToTester" time="0.037"/>
  <testcase name="testCSV{int, boolean}[1]" classname="NguyenToTester" time="0.05"/>
  <testcase name="testCSV{int, boolean}[2]" classname="NguyenToTester" time="0.001"/>
  <testcase name="testCSV{int, boolean}[3]" classname="NguyenToTester" time="0.001"/>
  <testcase name="testCSV{int, boolean}[4]" classname="NguyenToTester" time="0.002"/>
  <testcase name="testCSVFile{int, boolean}[1]" classname="NguyenToTester" time="0.001"/>
  <testcase name="testCSVFile{int, boolean}[2]" classname="NguyenToTester" time="0.001"/>
  <testcase name="testMethod{int, boolean}[1]" classname="NguyenToTester" time="0.001"/>
  <testcase name="testMethod{int, boolean}[2]" classname="NguyenToTester" time="0.001"/>
  <testcase name="testOddNum{int}[1]" classname="NguyenToTester" time="0.001"/>
  <testcase name="testOddNum{int}[2]" classname="NguyenToTester" time="0.001"/>
  <testcase name="testOddNum{int}[3]" classname="NguyenToTester" time="0.001"/>
  <testcase name="testOddNum{int}[4]" classname="NguyenToTester" time="0.001"/>
  <testcase name="testOddNum{int}[5]" classname="NguyenToTester" time="0"/>
  <testcase name="testOddNum{int}[6]" classname="NguyenToTester" time="0.001"/>
  <testcase name="TestOddNumber" classname="NguyenToTester" time="0"/>
  <testcase name="testNumber1" classname="NguyenToTester" time="0.001"/>
</testsuite>